  [1m[35m (105.6ms)[0m  [1m[35mCREATE TABLE "schema_migrations" ("version" character varying NOT NULL PRIMARY KEY)[0m
  [1m[35m (3.8ms)[0m  [1m[35mCREATE TABLE "ar_internal_metadata" ("key" character varying NOT NULL PRIMARY KEY, "value" character varying, "created_at" timestamp NOT NULL, "updated_at" timestamp NOT NULL)[0m
  [1m[35m (0.6ms)[0m  [1m[34mSELECT pg_try_advisory_lock(1928918411676841305)[0m
  [1m[35m (5.7ms)[0m  [1m[34mSELECT "schema_migrations"."version" FROM "schema_migrations" ORDER BY "schema_migrations"."version" ASC[0m
Migrating to CreateUsers (20180306001315)
  [1m[35m (0.2ms)[0m  [1m[35mBEGIN[0m
  [1m[35m (32.9ms)[0m  [1m[35mCREATE TABLE "users" ("id" bigserial primary key, "email_address" character varying NOT NULL, "username" character varying NOT NULL, "real_name" character varying, "session_token" character varying NOT NULL, "password_digest" character varying NOT NULL, "created_at" timestamp NOT NULL, "updated_at" timestamp NOT NULL)[0m
  [1m[35m (1.2ms)[0m  [1m[35mCREATE UNIQUE INDEX  "index_users_on_username" ON "users"  ("username")[0m
  [1m[35m (1.0ms)[0m  [1m[35mCREATE UNIQUE INDEX  "index_users_on_session_token" ON "users"  ("session_token")[0m
  [1m[35mSQL (0.6ms)[0m  [1m[32mINSERT INTO "schema_migrations" ("version") VALUES ($1) RETURNING "version"[0m  [["version", "20180306001315"]]
  [1m[35m (0.8ms)[0m  [1m[35mCOMMIT[0m
  [1m[36mActiveRecord::InternalMetadata Load (0.8ms)[0m  [1m[34mSELECT  "ar_internal_metadata".* FROM "ar_internal_metadata" WHERE "ar_internal_metadata"."key" = $1 LIMIT $2[0m  [["key", "environment"], ["LIMIT", 1]]
  [1m[35m (0.2ms)[0m  [1m[35mBEGIN[0m
  [1m[35mSQL (0.7ms)[0m  [1m[32mINSERT INTO "ar_internal_metadata" ("key", "value", "created_at", "updated_at") VALUES ($1, $2, $3, $4) RETURNING "key"[0m  [["key", "environment"], ["value", "development"], ["created_at", "2018-03-06 00:15:15.259353"], ["updated_at", "2018-03-06 00:15:15.259353"]]
  [1m[35m (0.4ms)[0m  [1m[35mCOMMIT[0m
  [1m[35m (0.3ms)[0m  [1m[34mSELECT pg_advisory_unlock(1928918411676841305)[0m
  [1m[35m (0.6ms)[0m  [1m[34mSELECT "schema_migrations"."version" FROM "schema_migrations" ORDER BY "schema_migrations"."version" ASC[0m
Started GET "/" for 127.0.0.1 at 2018-03-05 19:57:15 -0500
  [1m[35m (1.3ms)[0m  [1m[34mSELECT "schema_migrations"."version" FROM "schema_migrations" ORDER BY "schema_migrations"."version" ASC[0m
Processing by StaticPagesController#root as HTML
  Rendering static_pages/root.html.erb within layouts/application
  Rendered static_pages/root.html.erb within layouts/application (4.6ms)
Started GET "/" for 127.0.0.1 at 2018-03-05 19:57:18 -0500
Processing by StaticPagesController#root as HTML
  Rendering static_pages/root.html.erb within layouts/application
  Rendered static_pages/root.html.erb within layouts/application (0.5ms)
Completed 200 OK in 5154ms (Views: 5141.5ms | ActiveRecord: 0.0ms)


Completed 200 OK in 3583ms (Views: 3581.3ms | ActiveRecord: 0.0ms)


Started GET "/" for 127.0.0.1 at 2018-03-05 20:03:31 -0500
Processing by StaticPagesController#root as HTML
  Rendering static_pages/root.html.erb within layouts/application
  Rendered static_pages/root.html.erb within layouts/application (0.4ms)
Completed 200 OK in 444ms (Views: 442.5ms | ActiveRecord: 0.0ms)


Started POST "/api/users" for 127.0.0.1 at 2018-03-05 20:06:46 -0500
Processing by Api::UsersController#create as JSON
  Parameters: {"user"=>{"username"=>"blerpie", "email_address"=>"email@address.com", "password"=>"[FILTERED]"}}
  [1m[35m (0.2ms)[0m  [1m[35mBEGIN[0m
  [1m[36mUser Exists (20.7ms)[0m  [1m[34mSELECT  1 AS one FROM "users" WHERE "users"."email_address" = $1 LIMIT $2[0m  [["email_address", "email@address.com"], ["LIMIT", 1]]
  [1m[36mUser Exists (0.4ms)[0m  [1m[34mSELECT  1 AS one FROM "users" WHERE "users"."username" = $1 LIMIT $2[0m  [["username", "blerpie"], ["LIMIT", 1]]
  [1m[36mUser Exists (0.4ms)[0m  [1m[34mSELECT  1 AS one FROM "users" WHERE "users"."session_token" = $1 LIMIT $2[0m  [["session_token", "sk6CjKbMDj0EIVjZTx9LhQ"], ["LIMIT", 1]]
  [1m[36mUser Exists (0.4ms)[0m  [1m[34mSELECT  1 AS one FROM "users" WHERE "users"."password_digest" = $1 LIMIT $2[0m  [["password_digest", "$2a$10$jPaXGE1euKucDn3NL3l2MOZc6o8sf6p73AqNRl3EJZL6SLgOJ1CeS"], ["LIMIT", 1]]
  [1m[35mSQL (0.9ms)[0m  [1m[32mINSERT INTO "users" ("email_address", "username", "session_token", "password_digest", "created_at", "updated_at") VALUES ($1, $2, $3, $4, $5, $6) RETURNING "id"[0m  [["email_address", "email@address.com"], ["username", "blerpie"], ["session_token", "sk6CjKbMDj0EIVjZTx9LhQ"], ["password_digest", "$2a$10$jPaXGE1euKucDn3NL3l2MOZc6o8sf6p73AqNRl3EJZL6SLgOJ1CeS"], ["created_at", "2018-03-06 01:06:47.033632"], ["updated_at", "2018-03-06 01:06:47.033632"]]
  [1m[35m (21.8ms)[0m  [1m[35mCOMMIT[0m
  Rendering api/users/show.json.jbuilder
  Rendered api/users/show.json.jbuilder (180.1ms)
Completed 200 OK in 403ms (Views: 201.8ms | ActiveRecord: 68.0ms)


Started GET "/" for 127.0.0.1 at 2018-03-05 21:23:50 -0500
  [1m[35m (20.9ms)[0m  [1m[34mSELECT "schema_migrations"."version" FROM "schema_migrations" ORDER BY "schema_migrations"."version" ASC[0m
Processing by StaticPagesController#root as HTML
  Rendering static_pages/root.html.erb within layouts/application
  [1m[36mUser Load (0.6ms)[0m  [1m[34mSELECT  "users".* FROM "users" WHERE "users"."session_token" IS NULL LIMIT $1[0m  [["LIMIT", 1]]
  Rendered static_pages/root.html.erb within layouts/application (36.0ms)
Completed 200 OK in 3283ms (Views: 3265.9ms | ActiveRecord: 3.5ms)


Started GET "/" for 127.0.0.1 at 2018-03-05 21:24:00 -0500
Processing by StaticPagesController#root as HTML
  Rendering static_pages/root.html.erb within layouts/application
  [1m[36mUser Load (0.4ms)[0m  [1m[34mSELECT  "users".* FROM "users" WHERE "users"."session_token" IS NULL LIMIT $1[0m  [["LIMIT", 1]]
  Rendered static_pages/root.html.erb within layouts/application (2.5ms)
Completed 200 OK in 43ms (Views: 40.5ms | ActiveRecord: 0.4ms)


Started GET "/" for 127.0.0.1 at 2018-03-05 21:24:51 -0500
Processing by StaticPagesController#root as HTML
  Rendering static_pages/root.html.erb within layouts/application
  [1m[36mUser Load (0.5ms)[0m  [1m[34mSELECT  "users".* FROM "users" WHERE "users"."session_token" IS NULL LIMIT $1[0m  [["LIMIT", 1]]
  Rendered static_pages/root.html.erb within layouts/application (2.8ms)
Completed 200 OK in 665ms (Views: 662.1ms | ActiveRecord: 0.5ms)


Started GET "/" for 127.0.0.1 at 2018-03-05 21:24:55 -0500
Processing by StaticPagesController#root as HTML
  Rendering static_pages/root.html.erb within layouts/application
  [1m[36mUser Load (0.4ms)[0m  [1m[34mSELECT  "users".* FROM "users" WHERE "users"."session_token" IS NULL LIMIT $1[0m  [["LIMIT", 1]]
  Rendered static_pages/root.html.erb within layouts/application (2.7ms)
Completed 200 OK in 30ms (Views: 26.8ms | ActiveRecord: 0.4ms)


Started GET "/" for 127.0.0.1 at 2018-03-05 21:25:26 -0500
Processing by StaticPagesController#root as HTML
  Rendering static_pages/root.html.erb within layouts/application
  [1m[36mUser Load (0.4ms)[0m  [1m[34mSELECT  "users".* FROM "users" WHERE "users"."session_token" IS NULL LIMIT $1[0m  [["LIMIT", 1]]
  Rendered static_pages/root.html.erb within layouts/application (2.1ms)
Completed 200 OK in 26ms (Views: 24.1ms | ActiveRecord: 0.4ms)


Started GET "/" for 127.0.0.1 at 2018-03-05 21:25:37 -0500
Processing by StaticPagesController#root as HTML
  Rendering static_pages/root.html.erb within layouts/application
  [1m[36mUser Load (0.4ms)[0m  [1m[34mSELECT  "users".* FROM "users" WHERE "users"."session_token" IS NULL LIMIT $1[0m  [["LIMIT", 1]]
  Rendered static_pages/root.html.erb within layouts/application (2.3ms)
Completed 200 OK in 56ms (Views: 54.5ms | ActiveRecord: 0.4ms)


Started GET "/" for 127.0.0.1 at 2018-03-05 21:27:36 -0500
Processing by StaticPagesController#root as HTML
  Rendering static_pages/root.html.erb within layouts/application
  [1m[36mUser Load (0.4ms)[0m  [1m[34mSELECT  "users".* FROM "users" WHERE "users"."session_token" IS NULL LIMIT $1[0m  [["LIMIT", 1]]
  Rendered static_pages/root.html.erb within layouts/application (2.7ms)
Completed 200 OK in 718ms (Views: 703.3ms | ActiveRecord: 0.4ms)


